Using pre-set license
Built from '2020.3/staging' branch; Version is '2020.3.5f1 (8095aa901b9b) revision 8426922'; Using compiler version '192528614'; Build Type 'Release'
OS: 'Windows 10 Pro; OS build 19041.928; Version 2004; 64bit' Language: 'en' Physical Memory: 16333 MB
BatchMode: 1, IsHumanControllingUs: 0, StartBugReporterOnCrash: 0, Is64bit: 1, IsPro: 0

 COMMAND LINE ARGUMENTS:
F:\UnityHub\Editors\2020.3.5f1\Editor\Unity.exe
-adb2
-batchMode
-noUpm
-name
AssetImportWorker0
-projectPath
E:/Projects/MyGames/PROJECTS&IDEAS/SlidingPuzzle/New Unity Project
-logFile
Logs/AssetImportWorker0.log
-srvPort
60833
Successfully changed project path to: E:/Projects/MyGames/PROJECTS&IDEAS/SlidingPuzzle/New Unity Project
E:/Projects/MyGames/PROJECTS&IDEAS/SlidingPuzzle/New Unity Project
Using Asset Import Pipeline V2.
Refreshing native plugins compatible for Editor in 49.13 ms, found 0 plugins.
Preloading 0 native plugins for Editor in 0.00 ms.
Initialize engine version: 2020.3.5f1 (8095aa901b9b)
[Subsystems] Discovering subsystems at path F:/UnityHub/Editors/2020.3.5f1/Editor/Data/Resources/UnitySubsystems
[Subsystems] Discovering subsystems at path E:/Projects/MyGames/PROJECTS&IDEAS/SlidingPuzzle/New Unity Project/Assets
GfxDevice: creating device client; threaded=0
Direct3D:
    Version:  Direct3D 11.0 [level 11.1]
    Renderer: NVIDIA GeForce GTX 1080 (ID=0x1b80)
    Vendor:   
    VRAM:     8079 MB
    Driver:   27.21.14.5671
Shader 'Universal Render Pipeline/Particles/Lit': fallback shader 'Universal Render Pipeline/Particles/SimpleLit' not found
Initialize mono
Mono path[0] = 'F:/UnityHub/Editors/2020.3.5f1/Editor/Data/Managed'
Mono path[1] = 'F:/UnityHub/Editors/2020.3.5f1/Editor/Data/MonoBleedingEdge/lib/mono/unityjit'
Mono config path = 'F:/UnityHub/Editors/2020.3.5f1/Editor/Data/MonoBleedingEdge/etc'
Using monoOptions --debugger-agent=transport=dt_socket,embedding=1,server=y,suspend=n,address=127.0.0.1:56072
Begin MonoManager ReloadAssembly
Registering precompiled unity dll's ...
Register platform support module: F:/UnityHub/Editors/2020.3.5f1/Editor/Data/PlaybackEngines/WindowsStandaloneSupport/UnityEditor.WindowsStandalone.Extensions.dll
Registered in 0.001058 seconds.
Native extension for WindowsStandalone target not found
Refreshing native plugins compatible for Editor in 42.09 ms, found 0 plugins.
Preloading 0 native plugins for Editor in 0.00 ms.
Mono: successfully reloaded assembly
- Completed reload, in  1.379 seconds
Platform modules already initialized, skipping
Registering precompiled user dll's ...
Registered in 0.001094 seconds.
Begin MonoManager ReloadAssembly
Native extension for WindowsStandalone target not found
Refreshing native plugins compatible for Editor in 47.35 ms, found 0 plugins.
Preloading 0 native plugins for Editor in 0.00 ms.
Mono: successfully reloaded assembly
- Completed reload, in  0.970 seconds
Platform modules already initialized, skipping
========================================================================
Worker process is ready to serve import requests
Shader 'Universal Render Pipeline/Particles/Lit': fallback shader 'Universal Render Pipeline/Particles/SimpleLit' not found
Launched and connected shader compiler UnityShaderCompiler.exe after 0.08 seconds
Refreshing native plugins compatible for Editor in 0.41 ms, found 0 plugins.
Preloading 0 native plugins for Editor in 0.00 ms.
Unloading 2569 Unused Serialized files (Serialized files now loaded: 0)
System memory in use before: 120.6 MB.
System memory in use after: 120.7 MB.

Unloading 11 unused Assets to reduce memory usage. Loaded Objects now: 3013.
Total: 2.097600 ms (FindLiveObjects: 0.256700 ms CreateObjectMapping: 0.130300 ms MarkObjects: 1.637000 ms  DeleteObjects: 0.072000 ms)

========================================================================
Received Import Request.
  path: Assets
  artifactKey: Guid(00000000000000001000000000000000) Importer(815301076,1909f56bfc062723c751e8b465ee728b)
Start importing Assets using Guid(00000000000000001000000000000000) Importer(815301076,1909f56bfc062723c751e8b465ee728b)  -> (artifact id: '229b1065a16fad16a014940d4b6ee08f') in 0.013029 seconds
  Import took 0.016973 seconds .

========================================================================
Received Import Request.
  Time since last request: 0.000255 seconds.
  path: Assets/Global Volume Profile.asset
  artifactKey: Guid(7d89962de093fe047b5949ecc0d780ce) Importer(815301076,1909f56bfc062723c751e8b465ee728b)
Start importing Assets/Global Volume Profile.asset using Guid(7d89962de093fe047b5949ecc0d780ce) Importer(815301076,1909f56bfc062723c751e8b465ee728b)  -> (artifact id: '0cacb345ac68c6a667a56b81a22d3cde') in 0.063735 seconds
  Import took 0.068385 seconds .

========================================================================
Received Import Request.
  Time since last request: 0.000251 seconds.
  path: Assets/Raven3.fbx
  artifactKey: Guid(83ec10a520152a546a3665890297f824) Importer(815301076,1909f56bfc062723c751e8b465ee728b)
Start importing Assets/Raven3.fbx using Guid(83ec10a520152a546a3665890297f824) Importer(815301076,1909f56bfc062723c751e8b465ee728b)  -> (artifact id: '01b9e28e0ec9a57bd1cb08913362dfef') in 0.474660 seconds
  Import took 0.492831 seconds .

========================================================================
Received Import Request.
  Time since last request: 0.000337 seconds.
  path: Assets/Raven.fbx
  artifactKey: Guid(4be0bf51ca4351f45af03586a0318f4e) Importer(815301076,1909f56bfc062723c751e8b465ee728b)
Start importing Assets/Raven.fbx using Guid(4be0bf51ca4351f45af03586a0318f4e) Importer(815301076,1909f56bfc062723c751e8b465ee728b)  -> (artifact id: '51e00f0d16a0880ea30a33237691295f') in 0.030008 seconds
  Import took 0.033698 seconds .

========================================================================
Received Import Request.
  Time since last request: 0.000337 seconds.
  path: Assets/Raven2.fbx
  artifactKey: Guid(b7a315e35d41ac64291640da7fcfb699) Importer(815301076,1909f56bfc062723c751e8b465ee728b)
Start importing Assets/Raven2.fbx using Guid(b7a315e35d41ac64291640da7fcfb699) Importer(815301076,1909f56bfc062723c751e8b465ee728b)  -> (artifact id: 'c75df3388a7c124a93d976c3a892534c') in 0.014558 seconds
  Import took 0.034855 seconds .

AssetImportWorkerClient::OnTransportError - code=2 error=End of file
